build/app/outputs/mapping/release/seeds.txt
androidx.window.layout.FoldingFeature$Orientation$Companion: FoldingFeature$Orientation$Companion(kotlin.jvm.internal.DefaultConstructorMarker)
io.flutter.embedding.engine.systemchannels.TextInputChannel$TextInputType: io.flutter.embedding.engine.systemchannels.TextInputChannel$TextInputType[] values()
io.flutter.embedding.android.KeyData$Type: io.flutter.embedding.android.KeyData$Type[] values()
kotlin.jvm.internal.Lambda: java.lang.String toString()
io.flutter.embedding.engine.systemchannels.PlatformChannel$HapticFeedbackType: io.flutter.embedding.engine.systemchannels.PlatformChannel$HapticFeedbackType valueOf(java.lang.String)
androidx.window.embedding.SplitRule: SplitRule()
androidx.window.embedding.ExtensionEmbeddingBackend: void setEmbeddingExtension(androidx.window.embedding.EmbeddingInterfaceCompat)
androidx.window.layout.FoldingFeature$Orientation: FoldingFeature$Orientation(java.lang.String)
io.flutter.view.AccessibilityViewEmbedder: android.view.accessibility.AccessibilityNodeInfo getRootNode(android.view.View,int,android.graphics.Rect)
androidx.window.layout.SidecarCompat: boolean validateExtensionInterface()
io.flutter.view.AccessibilityBridge$StringAttributeType: io.flutter.view.AccessibilityBridge$StringAttributeType[] values()
androidx.window.embedding.EmbeddingBackend: void setSplitRules(java.util.Set)
androidx.window.layout.WindowMetricsCalculator$Companion$reset$1: androidx.window.layout.WindowMetricsCalculator invoke(androidx.window.layout.WindowMetricsCalculator)
io.flutter.embedding.android.FlutterImageView: android.view.Surface getSurface()
androidx.window.embedding.EmbeddingCompat$Companion: androidx.window.extensions.embedding.ActivityEmbeddingComponent embeddingComponent()
io.flutter.embedding.android.FlutterView: io.flutter.plugin.common.BinaryMessenger getBinaryMessenger()
kotlin.jvm.internal.CallableReference: java.util.List getParameters()
androidx.core.content.FileProvider: FileProvider()
io.flutter.embedding.engine.mutatorsstack.FlutterMutatorView: void setOnDescendantFocusChangeListener(android.view.View$OnFocusChangeListener)
androidx.window.embedding.EmbeddingAdapter: java.util.function.Predicate translateIntentPredicates(java.util.Set)
androidx.lifecycle.Lifecycle$Event: androidx.lifecycle.Lifecycle$Event valueOf(java.lang.String)
io.flutter.view.FlutterCallbackInformation: FlutterCallbackInformation(java.lang.String,java.lang.String,java.lang.String)
androidx.collection.SimpleArrayMap: java.lang.Object valueAt(int)
kotlin.coroutines.jvm.internal.ContinuationImpl: ContinuationImpl(kotlin.coroutines.Continuation)
androidx.window.layout.FoldingFeature$State: FoldingFeature$State(java.lang.String)
androidx.window.layout.WindowMetricsCalculator$Companion$overrideDecorator$1: java.lang.Object invoke(java.lang.Object)
io.flutter.embedding.engine.FlutterJNI: boolean isCodePointEmoji(int)
androidx.window.layout.SidecarWindowBackend$WindowLayoutChangeCallbackWrapper: android.app.Activity getActivity()
kotlin.coroutines.intrinsics.CoroutineSingletons: kotlin.coroutines.intrinsics.CoroutineSingletons valueOf(java.lang.String)
kotlin.coroutines.jvm.internal.BaseContinuationImpl: java.lang.StackTraceElement getStackTraceElement()
androidx.core.content.FileProvider$Api21Impl: java.io.File[] getExternalMediaDirs(android.content.Context)
androidx.window.embedding.SplitPairFilter: boolean matchesActivityIntentPair(android.app.Activity,android.content.Intent)
androidx.window.embedding.SplitController$Companion: void initialize(android.content.Context,int)
io.flutter.embedding.engine.FlutterOverlaySurface: int getId()
androidx.window.embedding.EmbeddingTranslatingCallback: void accept(java.util.List)
androidx.window.layout.HardwareFoldingFeature$Companion: HardwareFoldingFeature$Companion()
io.flutter.embedding.engine.FlutterJNI: void nativeImageHeaderCallback(long,int,int)
androidx.core.app.RemoteActionCompatParcelizer: androidx.core.app.RemoteActionCompat read(androidx.versionedparcelable.VersionedParcel)