build/app/outputs/mapping/release/mapping.txt
# compiler: R8
# compiler_version: 3.2.47
# min_api: 16
# common_typos_disable
# {"id":"com.android.tools.r8.mapping","version":"2.0"}
# pg_map_id: 53ddf18
# pg_map_hash: SHA-256 53ddf1840ce18dc315f7ea8d7e8910bc9c47781f327f7fdf73b67acd67936166
...
kotlinx.coroutines.NotCompleted -> y0.w1:
kotlinx.coroutines.ParentJob -> y0.x1:
    java.util.concurrent.CancellationException getChildJobCancellationCause() -> h
kotlinx.coroutines.StandaloneCoroutine -> y0.y1:
    boolean handleJobException(java.lang.Throwable) -> Q
kotlinx.coroutines.ThreadContextElement -> y0.z1:
    void restoreThreadContext(kotlin.coroutines.CoroutineContext,java.lang.Object) -> e
    java.lang.Object updateThreadContext(kotlin.coroutines.CoroutineContext) -> l
kotlinx.coroutines.ThreadLocalEventLoop -> y0.a2:
    kotlinx.coroutines.ThreadLocalEventLoop INSTANCE -> a
    java.lang.ThreadLocal ref -> b
    kotlinx.coroutines.EventLoop getEventLoop$kotlinx_coroutines_core() -> a
    void resetEventLoop$kotlinx_coroutines_core() -> b
    void setEventLoop$kotlinx_coroutines_core(kotlinx.coroutines.EventLoop) -> c
kotlinx.coroutines.Unconfined -> y0.b2:
    kotlinx.coroutines.Unconfined INSTANCE -> e
    void dispatch(kotlin.coroutines.CoroutineContext,java.lang.Runnable) -> j
    boolean isDispatchNeeded(kotlin.coroutines.CoroutineContext) -> m
kotlinx.coroutines.UndispatchedCoroutine -> y0.c2:
    java.lang.Object savedOldValue -> h
    kotlin.coroutines.CoroutineContext savedContext -> g
    void afterResume(java.lang.Object) -> t0
    boolean clearThreadContext() -> y0
    void saveThreadContext(kotlin.coroutines.CoroutineContext,java.lang.Object) -> z0
kotlinx.coroutines.UndispatchedMarker -> y0.d2:
    kotlinx.coroutines.UndispatchedMarker INSTANCE -> d
kotlinx.coroutines.YieldContext -> y0.e2:
    kotlinx.coroutines.YieldContext$Key Key -> e
    boolean dispatcherWasUnconfined -> d
kotlinx.coroutines.YieldContext$Key -> y0.e2$a:
kotlinx.coroutines.android.HandlerContext -> z0.a:
    java.lang.String name -> f
    android.os.Handler handler -> e
    boolean invokeImmediately -> g
    kotlinx.coroutines.android.HandlerContext immediate -> h
    void dispatch(kotlin.coroutines.CoroutineContext,java.lang.Runnable) -> j
    boolean isDispatchNeeded(kotlin.coroutines.CoroutineContext) -> m
    kotlinx.coroutines.MainCoroutineDispatcher getImmediate() -> p
    void cancelOnRejection(kotlin.coroutines.CoroutineContext,java.lang.Runnable) -> s
    kotlinx.coroutines.android.HandlerContext getImmediate() -> t
kotlinx.coroutines.android.HandlerDispatcher -> z0.b:
kotlinx.coroutines.android.HandlerDispatcherKt -> z0.c:
    kotlinx.coroutines.android.HandlerDispatcher Main -> a
    android.os.Handler asHandler(android.os.Looper,boolean) -> a
kotlinx.coroutines.channels.AbstractChannel -> a1.a:
    kotlinx.coroutines.channels.ReceiveOrClosed takeFirstReceiveOrPeekClosed() -> l
    boolean access$enqueueReceive(kotlinx.coroutines.channels.AbstractChannel,kotlinx.coroutines.channels.Receive) -> n
    void access$removeReceiveOnCancel(kotlinx.coroutines.channels.AbstractChannel,kotlinx.coroutines.CancellableContinuation,kotlinx.coroutines.channels.Receive) -> o
    boolean enqueueReceive(kotlinx.coroutines.channels.Receive) -> p
    boolean enqueueReceiveInternal(kotlinx.coroutines.channels.Receive) -> q
    boolean isBufferAlwaysEmpty() -> r
    boolean isBufferEmpty() -> s
    void onReceiveDequeued() -> t
    void onReceiveEnqueued() -> u
    java.lang.Object pollInternal() -> v
    void removeReceiveOnCancel(kotlinx.coroutines.CancellableContinuation,kotlinx.coroutines.channels.Receive) -> w
kotlinx.coroutines.channels.AbstractChannel$Itr -> a1.a$a:
    java.lang.Object result -> b
    kotlinx.coroutines.channels.AbstractChannel channel -> a
    java.lang.Object hasNext(kotlin.coroutines.Continuation) -> a
    java.lang.Object getResult() -> b
    boolean hasNextResult(java.lang.Object) -> c
    java.lang.Object hasNextSuspend(kotlin.coroutines.Continuation) -> d
    void setResult(java.lang.Object) -> e