build/app/outputs/mapping/release/usage.txt
androidx.annotation.DoNotInline
androidx.annotation.DrawableRes
androidx.annotation.EmptySuper
androidx.annotation.FloatRange
androidx.annotation.FontRes
androidx.annotation.FractionRes
androidx.annotation.GravityInt
androidx.annotation.GuardedBy
androidx.annotation.HalfFloat
androidx.annotation.IdRes
androidx.annotation.InspectableProperty$EnumEntry
androidx.annotation.InspectableProperty$FlagEntry
androidx.annotation.InspectableProperty$ValueType
androidx.annotation.InspectableProperty
androidx.annotation.IntDef
androidx.annotation.IntRange
androidx.annotation.IntegerRes
androidx.annotation.InterpolatorRes
androidx.annotation.LayoutRes
androidx.annotation.LongDef
androidx.annotation.MainThread
androidx.annotation.MenuRes
androidx.annotation.NavigationRes
androidx.annotation.NonNull
androidx.annotation.NonUiContext
androidx.annotation.Nullable
androidx.annotation.OpenForTesting
androidx.annotation.OptIn
androidx.annotation.PluralsRes
androidx.annotation.Px
androidx.annotation.RawRes
androidx.annotation.RequiresApi
androidx.annotation.RequiresExtension$Container
androidx.annotation.RequiresExtension
androidx.annotation.RequiresFeature
androidx.annotation.RequiresOptIn$Level
androidx.annotation.RequiresOptIn
androidx.annotation.RequiresPermission$Read
androidx.annotation.RequiresPermission$Write
androidx.annotation.RequiresPermission
androidx.annotation.RestrictTo$Scope
androidx.annotation.RestrictTo
androidx.annotation.ReturnThis
androidx.annotation.Size
androidx.annotation.StringDef
androidx.annotation.StringRes
androidx.annotation.StyleRes
androidx.annotation.StyleableRes
androidx.annotation.TransitionRes
androidx.annotation.UiContext
androidx.annotation.UiThread
androidx.annotation.VisibleForTesting$Companion
androidx.annotation.VisibleForTesting
androidx.annotation.WorkerThread
androidx.annotation.XmlRes
androidx.annotation.experimental.Experimental$Level
androidx.annotation.experimental.Experimental
androidx.annotation.experimental.R
androidx.annotation.experimental.UseExperimental
androidx.arch.core.R
androidx.arch.core.executor.ArchTaskExecutor:
    public static java.util.concurrent.Executor getIOThreadExecutor()
    public static java.util.concurrent.Executor getMainThreadExecutor()
    public void setDelegate(androidx.arch.core.executor.TaskExecutor)
androidx.arch.core.executor.DefaultTaskExecutor$1:
    private static final java.lang.String THREAD_NAME_STEM
androidx.arch.core.executor.TaskExecutor:
    public void executeOnMainThread(java.lang.Runnable)
androidx.arch.core.internal.FastSafeIterableMap:
    public java.util.Map$Entry ceil(java.lang.Object)
    public java.lang.Object putIfAbsent(java.lang.Object,java.lang.Object)
androidx.arch.core.internal.SafeIterableMap$Entry:
    void <init>(java.lang.Object,java.lang.Object)
androidx.arch.core.internal.SafeIterableMap:
    protected androidx.arch.core.internal.SafeIterableMap$Entry put(java.lang.Object,java.lang.Object)
    public java.lang.Object putIfAbsent(java.lang.Object,java.lang.Object)
androidx.arch.core.util.Function
androidx.browser.R$color
androidx.browser.R$dimen:
    private void <init>()
androidx.browser.R$id
androidx.browser.R$layout
androidx.browser.R$string
androidx.browser.R$xml
androidx.browser.R
androidx.browser.browseractions.BrowserActionItem
androidx.browser.browseractions.BrowserActionsFallbackMenuAdapter$1
androidx.browser.browseractions.BrowserActionsFallbackMenuAdapter$2
androidx.browser.browseractions.BrowserActionsFallbackMenuAdapter$ViewHolderItem
androidx.browser.browseractions.BrowserActionsFallbackMenuAdapter
androidx.browser.browseractions.BrowserActionsFallbackMenuDialog$1
androidx.browser.browseractions.BrowserActionsFallbackMenuDialog
androidx.browser.browseractions.BrowserActionsFallbackMenuUi$1
androidx.browser.browseractions.BrowserActionsFallbackMenuUi$2
androidx.browser.browseractions.BrowserActionsFallbackMenuUi$3
androidx.browser.browseractions.BrowserActionsFallbackMenuUi$BrowserActionsFallMenuUiListener